-------------------------------------------------------------------------------
Test set: edu.sdsu.cs.datastructures.ArrayPriorityQueueTest
-------------------------------------------------------------------------------
Tests run: 7, Failures: 4, Errors: 1, Skipped: 0, Time elapsed: 0.095 sec <<< FAILURE! - in edu.sdsu.cs.datastructures.ArrayPriorityQueueTest
test_priorityOrder_lowestFirst(edu.sdsu.cs.datastructures.ArrayPriorityQueueTest)  Time elapsed: 0.014 sec  <<< ERROR!
java.lang.NullPointerException: null
	at edu.sdsu.cs.datastructures.ArrayPriorityQueueTest.test_priorityOrder_lowestFirst(ArrayPriorityQueueTest.java:95)

test_removeFromInitiallyEmpty_exception(edu.sdsu.cs.datastructures.ArrayPriorityQueueTest)  Time elapsed: 0 sec  <<< FAILURE!
junit.framework.AssertionFailedError: NoSuchElementException expected.
	at junit.framework.Assert.fail(Assert.java:57)
	at junit.framework.TestCase.fail(TestCase.java:227)
	at edu.sdsu.cs.datastructures.ArrayPriorityQueueTest.test_removeFromInitiallyEmpty_exception(ArrayPriorityQueueTest.java:71)

test_constructorCollection_correctInitialValues(edu.sdsu.cs.datastructures.ArrayPriorityQueueTest)  Time elapsed: 0.003 sec  <<< FAILURE!
java.lang.AssertionError: 
Expected: is <8086>
     but: was <0>
	at org.hamcrest.MatcherAssert.assertThat(MatcherAssert.java:20)
	at org.junit.Assert.assertThat(Assert.java:865)
	at org.junit.Assert.assertThat(Assert.java:832)
	at edu.sdsu.cs.datastructures.ArrayPriorityQueueTest.test_constructorCollection_correctInitialValues(ArrayPriorityQueueTest.java:51)

test_elementFromInitiallyEmpty_exception(edu.sdsu.cs.datastructures.ArrayPriorityQueueTest)  Time elapsed: 0 sec  <<< FAILURE!
junit.framework.AssertionFailedError: NoSuchElementException expected.
	at junit.framework.Assert.fail(Assert.java:57)
	at junit.framework.TestCase.fail(TestCase.java:227)
	at edu.sdsu.cs.datastructures.ArrayPriorityQueueTest.test_elementFromInitiallyEmpty_exception(ArrayPriorityQueueTest.java:62)

test_offer_containsAllItems(edu.sdsu.cs.datastructures.ArrayPriorityQueueTest)  Time elapsed: 0.002 sec  <<< FAILURE!
junit.framework.AssertionFailedError: null
	at junit.framework.Assert.fail(Assert.java:55)
	at junit.framework.Assert.assertTrue(Assert.java:22)
	at junit.framework.Assert.assertTrue(Assert.java:31)
	at junit.framework.TestCase.assertTrue(TestCase.java:201)
	at edu.sdsu.cs.datastructures.ArrayPriorityQueueTest.test_offer_containsAllItems(ArrayPriorityQueueTest.java:82)

