<?xml version="1.0" encoding="UTF-8"?>
<testsuite name="edu.sdsu.cs.datastructures.CirArrayListTest" time="0.078" tests="13" errors="0" skipped="0" failures="12">
  <properties>
[...]
</properties>
  <testcase name="test_clear_middleLeavingEnds_onlyValidItems" classname="edu.sdsu.cs.datastructures.CirArrayListTest" time="0">
    <failure type="junit.framework.AssertionFailedError:">junit.framework.AssertionFailedError: null
	at junit.framework.Assert.fail(Assert.java:55)
	at junit.framework.Assert.assertTrue(Assert.java:22)
	at junit.framework.Assert.assertTrue(Assert.java:31)
	at junit.framework.TestCase.assertTrue(TestCase.java:201)
	at edu.sdsu.cs.datastructures.CirArrayListTest.test_clear_middleLeavingEnds_onlyValidItems(CirArrayListTest.java:186)
</failure>
  </testcase>
  <testcase name="test_remove_oddValuesFromList_nonePresent" classname="edu.sdsu.cs.datastructures.CirArrayListTest" time="0.062">
    <failure type="junit.framework.AssertionFailedError:">junit.framework.AssertionFailedError: null
	at junit.framework.Assert.fail(Assert.java:55)
	at junit.framework.Assert.assertTrue(Assert.java:22)
	at junit.framework.Assert.assertTrue(Assert.java:31)
	at junit.framework.TestCase.assertTrue(TestCase.java:201)
	at edu.sdsu.cs.datastructures.CirArrayListTest.test_remove_oddValuesFromList_nonePresent(CirArrayListTest.java:176)
</failure>
  </testcase>
  <testcase name="test_add_manySingleItems_correctContents" classname="edu.sdsu.cs.datastructures.CirArrayListTest" time="0.009">
    <failure message="expected:&lt;33554433&gt; but was:&lt;1&gt;" type="junit.framework.AssertionFailedError"><![CDATA[junit.framework.AssertionFailedError: expected:<33554433> but was:<1>
	at junit.framework.Assert.fail(Assert.java:57)
	at junit.framework.Assert.failNotEquals(Assert.java:329)
	at junit.framework.Assert.assertEquals(Assert.java:78)
	at junit.framework.Assert.assertEquals(Assert.java:234)
	at junit.framework.Assert.assertEquals(Assert.java:241)
	at junit.framework.TestCase.assertEquals(TestCase.java:409)
	at edu.sdsu.cs.datastructures.CirArrayListTest.test_add_manySingleItems_correctContents(CirArrayListTest.java:120)
]]></failure>
  </testcase>
  <testcase name="test_constructorDefault_initializedCorrectly" classname="edu.sdsu.cs.datastructures.CirArrayListTest" time="0"/>
  <testcase name="test_set_indexOutOfBounds_exceptionThrown" classname="edu.sdsu.cs.datastructures.CirArrayListTest" time="0.001">
    <failure message="IndexOutOfBoundsException expected for index &lt; 0" type="junit.framework.AssertionFailedError"><![CDATA[junit.framework.AssertionFailedError: IndexOutOfBoundsException expected for index < 0
	at junit.framework.Assert.fail(Assert.java:57)
	at junit.framework.TestCase.fail(TestCase.java:227)
	at edu.sdsu.cs.datastructures.CirArrayListTest.test_set_indexOutOfBounds_exceptionThrown(CirArrayListTest.java:195)
]]></failure>
  </testcase>
  <testcase name="test_constructorCollection_initializedCorrectly" classname="edu.sdsu.cs.datastructures.CirArrayListTest" time="0.001">
    <failure message="&#10;Expected: is &lt;2048&gt;&#10;     but: was &lt;0&gt;" type="java.lang.AssertionError"><![CDATA[java.lang.AssertionError: 
Expected: is <2048>
     but: was <0>
	at org.hamcrest.MatcherAssert.assertThat(MatcherAssert.java:20)
	at org.junit.Assert.assertThat(Assert.java:865)
	at org.junit.Assert.assertThat(Assert.java:832)
	at edu.sdsu.cs.datastructures.CirArrayListTest.test_constructorCollection_initializedCorrectly(CirArrayListTest.java:57)
]]></failure>
  </testcase>
  <testcase name="test_remove_allContents_correctRemovedElementAndSize" classname="edu.sdsu.cs.datastructures.CirArrayListTest" time="0.001">
    <failure message="&#10;Expected: is &lt;0&gt;&#10;     but: was null" type="java.lang.AssertionError"><![CDATA[java.lang.AssertionError: 
Expected: is <0>
     but: was null
	at org.hamcrest.MatcherAssert.assertThat(MatcherAssert.java:20)
	at org.junit.Assert.assertThat(Assert.java:865)
	at org.junit.Assert.assertThat(Assert.java:832)
	at edu.sdsu.cs.datastructures.CirArrayListTest.test_remove_allContents_correctRemovedElementAndSize(CirArrayListTest.java:144)
]]></failure>
  </testcase>
  <testcase name="test_set_sequentialValues_contentsCorrect" classname="edu.sdsu.cs.datastructures.CirArrayListTest" time="0.001">
    <failure message="expected:&lt;0&gt; but was:&lt;2048&gt;" type="junit.framework.AssertionFailedError"><![CDATA[junit.framework.AssertionFailedError: expected:<0> but was:<2048>
	at junit.framework.Assert.fail(Assert.java:57)
	at junit.framework.Assert.failNotEquals(Assert.java:329)
	at junit.framework.Assert.assertEquals(Assert.java:78)
	at junit.framework.Assert.assertEquals(Assert.java:234)
	at junit.framework.Assert.assertEquals(Assert.java:241)
	at junit.framework.TestCase.assertEquals(TestCase.java:409)
	at edu.sdsu.cs.datastructures.CirArrayListTest.test_set_sequentialValues_contentsCorrect(CirArrayListTest.java:156)
]]></failure>
  </testcase>
  <testcase name="test_add_startEmptyFrontPosition_contentsCorrect" classname="edu.sdsu.cs.datastructures.CirArrayListTest" time="0.001">
    <failure message="&#10;Expected: is &lt;2047&gt;&#10;     but: was null" type="java.lang.AssertionError"><![CDATA[java.lang.AssertionError: 
Expected: is <2047>
     but: was null
	at org.hamcrest.MatcherAssert.assertThat(MatcherAssert.java:20)
	at org.junit.Assert.assertThat(Assert.java:865)
	at org.junit.Assert.assertThat(Assert.java:832)
	at edu.sdsu.cs.datastructures.CirArrayListTest.test_add_startEmptyFrontPosition_contentsCorrect(CirArrayListTest.java:90)
]]></failure>
  </testcase>
  <testcase name="test_remove_addTwoBackRemoveOneFront_contentsCorrect" classname="edu.sdsu.cs.datastructures.CirArrayListTest" time="0.001">
    <failure message="&#10;Expected: is &lt;2048&gt;&#10;     but: was &lt;4096&gt;" type="java.lang.AssertionError"><![CDATA[java.lang.AssertionError: 
Expected: is <2048>
     but: was <4096>
	at org.hamcrest.MatcherAssert.assertThat(MatcherAssert.java:20)
	at org.junit.Assert.assertThat(Assert.java:865)
	at org.junit.Assert.assertThat(Assert.java:832)
	at edu.sdsu.cs.datastructures.CirArrayListTest.test_remove_addTwoBackRemoveOneFront_contentsCorrect(CirArrayListTest.java:133)
]]></failure>
  </testcase>
  <testcase name="test_get_indexOutOfBounds_exceptionThrown" classname="edu.sdsu.cs.datastructures.CirArrayListTest" time="0">
    <failure message="IndexOutOfBoundsException expected for &lt; 0" type="junit.framework.AssertionFailedError"><![CDATA[junit.framework.AssertionFailedError: IndexOutOfBoundsException expected for < 0
	at junit.framework.Assert.fail(Assert.java:57)
	at junit.framework.TestCase.fail(TestCase.java:227)
	at edu.sdsu.cs.datastructures.CirArrayListTest.test_get_indexOutOfBounds_exceptionThrown(CirArrayListTest.java:226)
]]></failure>
  </testcase>
  <testcase name="test_add_existingCollectionFrontPosition_contentsCorrect" classname="edu.sdsu.cs.datastructures.CirArrayListTest" time="0.001">
    <failure message="&#10;Expected: is &lt;4096&gt;&#10;     but: was &lt;2048&gt;" type="java.lang.AssertionError"><![CDATA[java.lang.AssertionError: 
Expected: is <4096>
     but: was <2048>
	at org.hamcrest.MatcherAssert.assertThat(MatcherAssert.java:20)
	at org.junit.Assert.assertThat(Assert.java:865)
	at org.junit.Assert.assertThat(Assert.java:832)
	at edu.sdsu.cs.datastructures.CirArrayListTest.test_add_existingCollectionFrontPosition_contentsCorrect(CirArrayListTest.java:101)
]]></failure>
  </testcase>
  <testcase name="test_add_startEmptyEndPosition_contentsCorrect" classname="edu.sdsu.cs.datastructures.CirArrayListTest" time="0">
    <failure message="&#10;Expected: is &lt;0&gt;&#10;     but: was null" type="java.lang.AssertionError"><![CDATA[java.lang.AssertionError: 
Expected: is <0>
     but: was null
	at org.hamcrest.MatcherAssert.assertThat(MatcherAssert.java:20)
	at org.junit.Assert.assertThat(Assert.java:865)
	at org.junit.Assert.assertThat(Assert.java:832)
	at edu.sdsu.cs.datastructures.CirArrayListTest.test_add_startEmptyEndPosition_contentsCorrect(CirArrayListTest.java:77)
]]></failure>
  </testcase>
</testsuite>