<?xml version="1.0" encoding="UTF-8"?>
<testsuite name="edu.sdsu.cs.datastructures.ArrayPriorityQueueTest" time="0.029" tests="7" errors="1" skipped="0" failures="4">
  <properties>
[...]
</properties>
  <testcase name="test_pollFromEmpty_returnsNull" classname="edu.sdsu.cs.datastructures.ArrayPriorityQueueTest" time="0.005"/>
  <testcase name="test_priorityOrder_lowestFirst" classname="edu.sdsu.cs.datastructures.ArrayPriorityQueueTest" time="0.014">
    <error type="java.lang.NullPointerException:">java.lang.NullPointerException: null
	at edu.sdsu.cs.datastructures.ArrayPriorityQueueTest.test_priorityOrder_lowestFirst(ArrayPriorityQueueTest.java:95)
</error>
  </testcase>
  <testcase name="test_removeFromInitiallyEmpty_exception" classname="edu.sdsu.cs.datastructures.ArrayPriorityQueueTest" time="0">
    <failure message="NoSuchElementException expected." type="junit.framework.AssertionFailedError">junit.framework.AssertionFailedError: NoSuchElementException expected.
	at junit.framework.Assert.fail(Assert.java:57)
	at junit.framework.TestCase.fail(TestCase.java:227)
	at edu.sdsu.cs.datastructures.ArrayPriorityQueueTest.test_removeFromInitiallyEmpty_exception(ArrayPriorityQueueTest.java:71)
</failure>
  </testcase>
  <testcase name="test_constructorDefault_correctInitialValues" classname="edu.sdsu.cs.datastructures.ArrayPriorityQueueTest" time="0.005"/>
  <testcase name="test_constructorCollection_correctInitialValues" classname="edu.sdsu.cs.datastructures.ArrayPriorityQueueTest" time="0.003">
    <failure message="&#10;Expected: is &lt;8086&gt;&#10;     but: was &lt;0&gt;" type="java.lang.AssertionError"><![CDATA[java.lang.AssertionError: 
Expected: is <8086>
     but: was <0>
	at org.hamcrest.MatcherAssert.assertThat(MatcherAssert.java:20)
	at org.junit.Assert.assertThat(Assert.java:865)
	at org.junit.Assert.assertThat(Assert.java:832)
	at edu.sdsu.cs.datastructures.ArrayPriorityQueueTest.test_constructorCollection_correctInitialValues(ArrayPriorityQueueTest.java:51)
]]></failure>
  </testcase>
  <testcase name="test_elementFromInitiallyEmpty_exception" classname="edu.sdsu.cs.datastructures.ArrayPriorityQueueTest" time="0">
    <failure message="NoSuchElementException expected." type="junit.framework.AssertionFailedError">junit.framework.AssertionFailedError: NoSuchElementException expected.
	at junit.framework.Assert.fail(Assert.java:57)
	at junit.framework.TestCase.fail(TestCase.java:227)
	at edu.sdsu.cs.datastructures.ArrayPriorityQueueTest.test_elementFromInitiallyEmpty_exception(ArrayPriorityQueueTest.java:62)
</failure>
  </testcase>
  <testcase name="test_offer_containsAllItems" classname="edu.sdsu.cs.datastructures.ArrayPriorityQueueTest" time="0.002">
    <failure type="junit.framework.AssertionFailedError:">junit.framework.AssertionFailedError: null
	at junit.framework.Assert.fail(Assert.java:55)
	at junit.framework.Assert.assertTrue(Assert.java:22)
	at junit.framework.Assert.assertTrue(Assert.java:31)
	at junit.framework.TestCase.assertTrue(TestCase.java:201)
	at edu.sdsu.cs.datastructures.ArrayPriorityQueueTest.test_offer_containsAllItems(ArrayPriorityQueueTest.java:82)
</failure>
  </testcase>
</testsuite>