<?xml version="1.0" encoding="UTF-8" ?>
<testsuite tests="13" failures="0" name="edu.sdsu.cs.datastructures.CirArrayListTest" time="1.239" errors="0" skipped="0">
  <properties>
[...]
</properties>
  <testcase classname="edu.sdsu.cs.datastructures.CirArrayListTest" name="test_clear_middleLeavingEnds_onlyValidItems" time="0.011"/>
  <testcase classname="edu.sdsu.cs.datastructures.CirArrayListTest" name="test_remove_oddValuesFromList_nonePresent" time="0.089"/>
  <testcase classname="edu.sdsu.cs.datastructures.CirArrayListTest" name="test_add_manySingleItems_correctContents" time="1.053"/>
  <testcase classname="edu.sdsu.cs.datastructures.CirArrayListTest" name="test_constructorDefault_initializedCorrectly" time="0"/>
  <testcase classname="edu.sdsu.cs.datastructures.CirArrayListTest" name="test_set_indexOutOfBounds_exceptionThrown" time="0"/>
  <testcase classname="edu.sdsu.cs.datastructures.CirArrayListTest" name="test_constructorCollection_initializedCorrectly" time="0.008"/>
  <testcase classname="edu.sdsu.cs.datastructures.CirArrayListTest" name="test_remove_allContents_correctRemovedElementAndSize" time="0.01"/>
  <testcase classname="edu.sdsu.cs.datastructures.CirArrayListTest" name="test_set_sequentialValues_contentsCorrect" time="0.002"/>
  <testcase classname="edu.sdsu.cs.datastructures.CirArrayListTest" name="test_add_startEmptyFrontPosition_contentsCorrect" time="0.019"/>
  <testcase classname="edu.sdsu.cs.datastructures.CirArrayListTest" name="test_remove_addTwoBackRemoveOneFront_contentsCorrect" time="0.016"/>
  <testcase classname="edu.sdsu.cs.datastructures.CirArrayListTest" name="test_get_indexOutOfBounds_exceptionThrown" time="0"/>
  <testcase classname="edu.sdsu.cs.datastructures.CirArrayListTest" name="test_add_existingCollectionFrontPosition_contentsCorrect" time="0.03"/>
  <testcase classname="edu.sdsu.cs.datastructures.CirArrayListTest" name="test_add_startEmptyEndPosition_contentsCorrect" time="0.001"/>
</testsuite>